[debug] [2023-11-16T12:26:23.112Z] ----------------------------------------------------------------------
[debug] [2023-11-16T12:26:23.116Z] Command:       C:\Program Files\nodejs\node.exe C:\Users\Haws\AppData\Roaming\npm\node_modules\firebase-tools\lib\bin\firebase.js init hosting
[debug] [2023-11-16T12:26:23.117Z] CLI Version:   12.8.1
[debug] [2023-11-16T12:26:23.117Z] Platform:      win32
[debug] [2023-11-16T12:26:23.117Z] Node Version:  v20.9.0
[debug] [2023-11-16T12:26:23.117Z] Time:          Thu Nov 16 2023 07:26:23 GMT-0500 (hora de Ecuador)
[debug] [2023-11-16T12:26:23.118Z] ----------------------------------------------------------------------
[debug] 
[debug] [2023-11-16T12:26:23.122Z] >>> [apiv2][query] GET https://firebase-public.firebaseio.com/cli.json [none]
[debug] [2023-11-16T12:26:23.270Z] > command requires scopes: ["email","openid","https://www.googleapis.com/auth/cloudplatformprojects.readonly","https://www.googleapis.com/auth/firebase","https://www.googleapis.com/auth/cloud-platform"]
[debug] [2023-11-16T12:26:23.271Z] > authorizing via signed-in user (crepy27@gmail.com)
[info] 
     ######## #### ########  ######## ########     ###     ######  ########
     ##        ##  ##     ## ##       ##     ##  ##   ##  ##       ##
     ######    ##  ########  ######   ########  #########  ######  ######
     ##        ##  ##    ##  ##       ##     ## ##     ##       ## ##
     ##       #### ##     ## ######## ########  ##     ##  ######  ########

You're about to initialize a Firebase project in this directory:

  C:\Users\Haws\demo63

Before we get started, keep in mind:

  * You are initializing within an existing Firebase project directory

[debug] [2023-11-16T12:26:23.799Z] <<< [apiv2][status] GET https://firebase-public.firebaseio.com/cli.json 200
[debug] [2023-11-16T12:26:23.800Z] <<< [apiv2][body] GET https://firebase-public.firebaseio.com/cli.json {"cloudBuildErrorAfter":1594252800000,"cloudBuildWarnAfter":1590019200000,"defaultNode10After":1594252800000,"minVersion":"3.0.5","node8DeploysDisabledAfter":1613390400000,"node8RuntimeDisabledAfter":1615809600000,"node8WarnAfter":1600128000000}
